running egg_info
writing build/wall_following/wall_following.egg-info/PKG-INFO
writing dependency_links to build/wall_following/wall_following.egg-info/dependency_links.txt
writing entry points to build/wall_following/wall_following.egg-info/entry_points.txt
writing requirements to build/wall_following/wall_following.egg-info/requires.txt
writing top-level names to build/wall_following/wall_following.egg-info/top_level.txt
reading manifest file 'build/wall_following/wall_following.egg-info/SOURCES.txt'
writing manifest file 'build/wall_following/wall_following.egg-info/SOURCES.txt'
running build
running build_py
copying wall_following/lidar_visualizer.py -> /home/orin_nano/INC493/src/wall_following/build/wall_following/build/lib/wall_following
running install
running install_lib
copying /home/orin_nano/INC493/src/wall_following/build/wall_following/build/lib/wall_following/lidar_visualizer.py -> /home/orin_nano/INC493/src/wall_following/install/wall_following/lib/python3.8/site-packages/wall_following
byte-compiling /home/orin_nano/INC493/src/wall_following/install/wall_following/lib/python3.8/site-packages/wall_following/lidar_visualizer.py to lidar_visualizer.cpython-38.pyc
running install_data
running install_egg_info
removing '/home/orin_nano/INC493/src/wall_following/install/wall_following/lib/python3.8/site-packages/wall_following-0.0.0-py3.8.egg-info' (and everything under it)
Copying build/wall_following/wall_following.egg-info to /home/orin_nano/INC493/src/wall_following/install/wall_following/lib/python3.8/site-packages/wall_following-0.0.0-py3.8.egg-info
running install_scripts
Installing lidar_visualizer script to /home/orin_nano/INC493/src/wall_following/install/wall_following/lib/wall_following
Installing wall_following_pid script to /home/orin_nano/INC493/src/wall_following/install/wall_following/lib/wall_following
writing list of installed files to '/home/orin_nano/INC493/src/wall_following/build/wall_following/install.log'
