[1.555s] Invoking command in '/home/orin_nano/INC493/src/wall_following': PYTHONPATH=/home/orin_nano/INC493/src/wall_following/build/wall_following/prefix_override:/home/orin_nano/INC493/src/wall_following/install/wall_following/lib/python3.8/site-packages:${PYTHONPATH} /usr/bin/python3 -W ignore:setup.py install is deprecated setup.py egg_info --egg-base build/wall_following build --build-base /home/orin_nano/INC493/src/wall_following/build/wall_following/build install --record /home/orin_nano/INC493/src/wall_following/build/wall_following/install.log --install-scripts $base/lib/wall_following --single-version-externally-managed install_data
[2.061s] running egg_info
[2.062s] writing build/wall_following/wall_following.egg-info/PKG-INFO
[2.063s] writing dependency_links to build/wall_following/wall_following.egg-info/dependency_links.txt
[2.063s] writing entry points to build/wall_following/wall_following.egg-info/entry_points.txt
[2.064s] writing requirements to build/wall_following/wall_following.egg-info/requires.txt
[2.064s] writing top-level names to build/wall_following/wall_following.egg-info/top_level.txt
[2.129s] reading manifest file 'build/wall_following/wall_following.egg-info/SOURCES.txt'
[2.131s] writing manifest file 'build/wall_following/wall_following.egg-info/SOURCES.txt'
[2.131s] running build
[2.131s] running build_py
[2.132s] copying wall_following/lidar_visualizer.py -> /home/orin_nano/INC493/src/wall_following/build/wall_following/build/lib/wall_following
[2.132s] running install
[2.134s] running install_lib
[2.137s] copying /home/orin_nano/INC493/src/wall_following/build/wall_following/build/lib/wall_following/lidar_visualizer.py -> /home/orin_nano/INC493/src/wall_following/install/wall_following/lib/python3.8/site-packages/wall_following
[2.138s] byte-compiling /home/orin_nano/INC493/src/wall_following/install/wall_following/lib/python3.8/site-packages/wall_following/lidar_visualizer.py to lidar_visualizer.cpython-38.pyc
[2.142s] running install_data
[2.142s] running install_egg_info
[2.147s] removing '/home/orin_nano/INC493/src/wall_following/install/wall_following/lib/python3.8/site-packages/wall_following-0.0.0-py3.8.egg-info' (and everything under it)
[2.148s] Copying build/wall_following/wall_following.egg-info to /home/orin_nano/INC493/src/wall_following/install/wall_following/lib/python3.8/site-packages/wall_following-0.0.0-py3.8.egg-info
[2.149s] running install_scripts
[2.185s] Installing lidar_visualizer script to /home/orin_nano/INC493/src/wall_following/install/wall_following/lib/wall_following
[2.186s] Installing wall_following_pid script to /home/orin_nano/INC493/src/wall_following/install/wall_following/lib/wall_following
[2.186s] writing list of installed files to '/home/orin_nano/INC493/src/wall_following/build/wall_following/install.log'
[2.245s] Invoked command in '/home/orin_nano/INC493/src/wall_following' returned '0': PYTHONPATH=/home/orin_nano/INC493/src/wall_following/build/wall_following/prefix_override:/home/orin_nano/INC493/src/wall_following/install/wall_following/lib/python3.8/site-packages:${PYTHONPATH} /usr/bin/python3 -W ignore:setup.py install is deprecated setup.py egg_info --egg-base build/wall_following build --build-base /home/orin_nano/INC493/src/wall_following/build/wall_following/build install --record /home/orin_nano/INC493/src/wall_following/build/wall_following/install.log --install-scripts $base/lib/wall_following --single-version-externally-managed install_data
