[1.573s] Invoking command in '/home/orin_nano/INC493/src/wall_following': PYTHONPATH=/home/orin_nano/INC493/src/wall_following/build/wall_following/prefix_override:/home/orin_nano/INC493/src/wall_following/install/wall_following/lib/python3.8/site-packages:${PYTHONPATH} /usr/bin/python3 -W ignore:setup.py install is deprecated setup.py egg_info --egg-base build/wall_following build --build-base /home/orin_nano/INC493/src/wall_following/build/wall_following/build install --record /home/orin_nano/INC493/src/wall_following/build/wall_following/install.log --install-scripts $base/lib/wall_following --single-version-externally-managed install_data
[2.103s] running egg_info
[2.104s] creating build/wall_following/wall_following.egg-info
[2.105s] writing build/wall_following/wall_following.egg-info/PKG-INFO
[2.105s] writing dependency_links to build/wall_following/wall_following.egg-info/dependency_links.txt
[2.106s] writing entry points to build/wall_following/wall_following.egg-info/entry_points.txt
[2.106s] writing requirements to build/wall_following/wall_following.egg-info/requires.txt
[2.106s] writing top-level names to build/wall_following/wall_following.egg-info/top_level.txt
[2.110s] writing manifest file 'build/wall_following/wall_following.egg-info/SOURCES.txt'
[2.178s] reading manifest file 'build/wall_following/wall_following.egg-info/SOURCES.txt'
[2.180s] writing manifest file 'build/wall_following/wall_following.egg-info/SOURCES.txt'
[2.180s] running build
[2.180s] running build_py
[2.181s] creating /home/orin_nano/INC493/src/wall_following/build/wall_following/build
[2.181s] creating /home/orin_nano/INC493/src/wall_following/build/wall_following/build/lib
[2.181s] creating /home/orin_nano/INC493/src/wall_following/build/wall_following/build/lib/wall_following
[2.182s] copying wall_following/__init__.py -> /home/orin_nano/INC493/src/wall_following/build/wall_following/build/lib/wall_following
[2.182s] copying wall_following/lidar_visualizer.py -> /home/orin_nano/INC493/src/wall_following/build/wall_following/build/lib/wall_following
[2.182s] error: could not open 'wall_following/lidar_visualizer.py': Permission denied
[2.240s] Invoked command in '/home/orin_nano/INC493/src/wall_following' returned '1': PYTHONPATH=/home/orin_nano/INC493/src/wall_following/build/wall_following/prefix_override:/home/orin_nano/INC493/src/wall_following/install/wall_following/lib/python3.8/site-packages:${PYTHONPATH} /usr/bin/python3 -W ignore:setup.py install is deprecated setup.py egg_info --egg-base build/wall_following build --build-base /home/orin_nano/INC493/src/wall_following/build/wall_following/build install --record /home/orin_nano/INC493/src/wall_following/build/wall_following/install.log --install-scripts $base/lib/wall_following --single-version-externally-managed install_data
